ARM GAS  /tmp/ccz0rby9.s 			page 1


   1              		.cpu cortex-m3
   2              		.eabi_attribute 20, 1
   3              		.eabi_attribute 21, 1
   4              		.eabi_attribute 23, 3
   5              		.eabi_attribute 24, 1
   6              		.eabi_attribute 25, 1
   7              		.eabi_attribute 26, 1
   8              		.eabi_attribute 30, 1
   9              		.eabi_attribute 34, 1
  10              		.eabi_attribute 18, 4
  11              		.file	"main.c"
  12              		.text
  13              	.Ltext0:
  14              		.cfi_sections	.debug_frame
  15              		.section	.text.SystemClock_Config,"ax",%progbits
  16              		.align	1
  17              		.global	SystemClock_Config
  18              		.syntax unified
  19              		.thumb
  20              		.thumb_func
  21              		.fpu softvfp
  23              	SystemClock_Config:
  24              	.LFB70:
  25              		.file 1 "Src/main.c"
   1:Src/main.c    **** /* USER CODE BEGIN Header */
   2:Src/main.c    **** /**
   3:Src/main.c    ****   ******************************************************************************
   4:Src/main.c    ****   * @file           : main.c
   5:Src/main.c    ****   * @brief          : Main program body
   6:Src/main.c    ****   ******************************************************************************
   7:Src/main.c    ****   * @attention
   8:Src/main.c    ****   *
   9:Src/main.c    ****   * <h2><center>&copy; Copyright (c) 2020 STMicroelectronics.
  10:Src/main.c    ****   * All rights reserved.</center></h2>
  11:Src/main.c    ****   *
  12:Src/main.c    ****   * This software component is licensed by ST under BSD 3-Clause license,
  13:Src/main.c    ****   * the "License"; You may not use this file except in compliance with the
  14:Src/main.c    ****   * License. You may obtain a copy of the License at:
  15:Src/main.c    ****   *                        opensource.org/licenses/BSD-3-Clause
  16:Src/main.c    ****   *
  17:Src/main.c    ****   ******************************************************************************
  18:Src/main.c    ****   */
  19:Src/main.c    **** /* USER CODE END Header */
  20:Src/main.c    **** 
  21:Src/main.c    **** /* Includes ------------------------------------------------------------------*/
  22:Src/main.c    **** #include "main.h"
  23:Src/main.c    **** #include "adc.h"
  24:Src/main.c    **** #include "tim.h"
  25:Src/main.c    **** #include "usb_device.h"
  26:Src/main.c    **** #include "gpio.h"
  27:Src/main.c    **** 
  28:Src/main.c    **** /* Private includes ----------------------------------------------------------*/
  29:Src/main.c    **** /* USER CODE BEGIN Includes */
  30:Src/main.c    **** #include <stdio.h>
  31:Src/main.c    **** #include <string.h>
  32:Src/main.c    **** #include "usbd_cdc_if.h"
  33:Src/main.c    **** #include "dwt_stm32_delay.h"
ARM GAS  /tmp/ccz0rby9.s 			page 2


  34:Src/main.c    **** #include "commandParser.h"
  35:Src/main.c    **** #include "max2871.h"
  36:Src/main.c    **** #include "max2871_registers.h"
  37:Src/main.c    **** #include "txChain.h"
  38:Src/main.c    **** #include "STP08CP05.h"
  39:Src/main.c    **** /* USER CODE END Includes */
  40:Src/main.c    **** 
  41:Src/main.c    **** /* Private typedef -----------------------------------------------------------*/
  42:Src/main.c    **** /* USER CODE BEGIN PTD */
  43:Src/main.c    **** FIFO RX_FIFO = {.head = 0, .tail = 0};
  44:Src/main.c    **** /* USER CODE END PTD */
  45:Src/main.c    **** 
  46:Src/main.c    **** /* Private define ------------------------------------------------------------*/
  47:Src/main.c    **** /* USER CODE BEGIN PD */
  48:Src/main.c    **** 
  49:Src/main.c    **** /* USER CODE END PD */
  50:Src/main.c    **** 
  51:Src/main.c    **** /* Private macro -------------------------------------------------------------*/
  52:Src/main.c    **** /* USER CODE BEGIN PM */
  53:Src/main.c    **** 
  54:Src/main.c    **** /* USER CODE END PM */
  55:Src/main.c    **** 
  56:Src/main.c    **** /* Private variables ---------------------------------------------------------*/
  57:Src/main.c    **** 
  58:Src/main.c    **** /* USER CODE BEGIN PV */
  59:Src/main.c    **** 
  60:Src/main.c    **** extern struct MAX2871Struct max2871Status;
  61:Src/main.c    **** extern struct txStruct txStatus;
  62:Src/main.c    **** 
  63:Src/main.c    **** /* USER CODE END PV */
  64:Src/main.c    **** 
  65:Src/main.c    **** /* Private function prototypes -----------------------------------------------*/
  66:Src/main.c    **** void SystemClock_Config(void);
  67:Src/main.c    **** /* USER CODE BEGIN PFP */
  68:Src/main.c    **** void enumerateUSB(void);
  69:Src/main.c    **** /* USER CODE END PFP */
  70:Src/main.c    **** 
  71:Src/main.c    **** /* Private user code ---------------------------------------------------------*/
  72:Src/main.c    **** /* USER CODE BEGIN 0 */
  73:Src/main.c    **** 
  74:Src/main.c    **** /* USER CODE END 0 */
  75:Src/main.c    **** 
  76:Src/main.c    **** /**
  77:Src/main.c    ****   * @brief  The application entry point.
  78:Src/main.c    ****   * @retval int
  79:Src/main.c    ****   */
  80:Src/main.c    **** int main(void)
  81:Src/main.c    **** {
  82:Src/main.c    ****   /* USER CODE BEGIN 1 */
  83:Src/main.c    **** 
  84:Src/main.c    ****   /* USER CODE END 1 */
  85:Src/main.c    ****   
  86:Src/main.c    **** 
  87:Src/main.c    ****   /* MCU Configuration--------------------------------------------------------*/
  88:Src/main.c    **** 
  89:Src/main.c    ****   /* Reset of all peripherals, Initializes the Flash interface and the Systick. */
  90:Src/main.c    ****   HAL_Init();
ARM GAS  /tmp/ccz0rby9.s 			page 3


  91:Src/main.c    **** 
  92:Src/main.c    ****   /* USER CODE BEGIN Init */
  93:Src/main.c    **** 
  94:Src/main.c    ****   /* USER CODE END Init */
  95:Src/main.c    **** 
  96:Src/main.c    ****   /* Configure the system clock */
  97:Src/main.c    ****   SystemClock_Config();
  98:Src/main.c    **** 
  99:Src/main.c    ****   /* USER CODE BEGIN SysInit */
 100:Src/main.c    **** 
 101:Src/main.c    ****   /* USER CODE END SysInit */
 102:Src/main.c    **** 
 103:Src/main.c    ****   /* Initialize all configured peripherals */
 104:Src/main.c    ****   MX_GPIO_Init();
 105:Src/main.c    ****   MX_ADC1_Init();
 106:Src/main.c    ****   MX_USB_DEVICE_Init();
 107:Src/main.c    ****   MX_TIM1_Init();
 108:Src/main.c    ****   /* USER CODE BEGIN 2 */
 109:Src/main.c    ****   DWT_Delay_Init();
 110:Src/main.c    ****   enumerateUSB(); // Force USB enumeration
 111:Src/main.c    ****   txChainInit(&max2871Status, &txStatus);
 112:Src/main.c    ****   HAL_ADC_Start(&hadc1);
 113:Src/main.c    ****   HAL_GPIO_WritePin(LED_CLK_GPIO_Port, LED_CLK_Pin, 0); //  LED Control
 114:Src/main.c    **** 
 115:Src/main.c    ****   /* USER CODE END 2 */
 116:Src/main.c    **** 
 117:Src/main.c    ****   /* Infinite loop */
 118:Src/main.c    ****   /* USER CODE BEGIN WHILE */
 119:Src/main.c    ****   while (1)
 120:Src/main.c    ****   {
 121:Src/main.c    ****     	  // Command Parser
 122:Src/main.c    **** 	  if (RX_FIFO.dataReady == 1)
 123:Src/main.c    **** 	  {
 124:Src/main.c    **** 		  commandParser(&max2871Status, &txStatus);
 125:Src/main.c    **** 	  }
 126:Src/main.c    ****     /* USER CODE END WHILE */
 127:Src/main.c    **** 
 128:Src/main.c    ****     /* USER CODE BEGIN 3 */
 129:Src/main.c    ****   }
 130:Src/main.c    ****   /* USER CODE END 3 */
 131:Src/main.c    **** }
 132:Src/main.c    **** 
 133:Src/main.c    **** /**
 134:Src/main.c    ****   * @brief System Clock Configuration
 135:Src/main.c    ****   * @retval None
 136:Src/main.c    ****   */
 137:Src/main.c    **** void SystemClock_Config(void)
 138:Src/main.c    **** {
  26              		.loc 1 138 0
  27              		.cfi_startproc
  28              		@ args = 0, pretend = 0, frame = 80
  29              		@ frame_needed = 0, uses_anonymous_args = 0
  30 0000 70B5     		push	{r4, r5, r6, lr}
  31              	.LCFI0:
  32              		.cfi_def_cfa_offset 16
  33              		.cfi_offset 4, -16
  34              		.cfi_offset 5, -12
ARM GAS  /tmp/ccz0rby9.s 			page 4


  35              		.cfi_offset 6, -8
  36              		.cfi_offset 14, -4
  37 0002 94B0     		sub	sp, sp, #80
  38              	.LCFI1:
  39              		.cfi_def_cfa_offset 96
 139:Src/main.c    ****   RCC_OscInitTypeDef RCC_OscInitStruct = {0};
  40              		.loc 1 139 0
  41 0004 0024     		movs	r4, #0
  42 0006 0C94     		str	r4, [sp, #48]
  43 0008 0D94     		str	r4, [sp, #52]
  44 000a 0F94     		str	r4, [sp, #60]
  45 000c 1094     		str	r4, [sp, #64]
 140:Src/main.c    ****   RCC_ClkInitTypeDef RCC_ClkInitStruct = {0};
  46              		.loc 1 140 0
  47 000e 0594     		str	r4, [sp, #20]
  48 0010 0694     		str	r4, [sp, #24]
  49 0012 0794     		str	r4, [sp, #28]
  50 0014 0894     		str	r4, [sp, #32]
  51 0016 0994     		str	r4, [sp, #36]
 141:Src/main.c    ****   RCC_PeriphCLKInitTypeDef PeriphClkInit = {0};
  52              		.loc 1 141 0
  53 0018 0194     		str	r4, [sp, #4]
  54 001a 0294     		str	r4, [sp, #8]
  55 001c 0394     		str	r4, [sp, #12]
  56 001e 0494     		str	r4, [sp, #16]
 142:Src/main.c    **** 
 143:Src/main.c    ****   /** Initializes the CPU, AHB and APB busses clocks 
 144:Src/main.c    ****   */
 145:Src/main.c    ****   RCC_OscInitStruct.OscillatorType = RCC_OSCILLATORTYPE_HSE;
  57              		.loc 1 145 0
  58 0020 0125     		movs	r5, #1
  59 0022 0A95     		str	r5, [sp, #40]
 146:Src/main.c    ****   RCC_OscInitStruct.HSEState = RCC_HSE_ON;
  60              		.loc 1 146 0
  61 0024 4FF48033 		mov	r3, #65536
  62 0028 0B93     		str	r3, [sp, #44]
 147:Src/main.c    ****   RCC_OscInitStruct.HSEPredivValue = RCC_HSE_PREDIV_DIV1;
 148:Src/main.c    ****   RCC_OscInitStruct.HSIState = RCC_HSI_ON;
  63              		.loc 1 148 0
  64 002a 0E95     		str	r5, [sp, #56]
 149:Src/main.c    ****   RCC_OscInitStruct.PLL.PLLState = RCC_PLL_ON;
  65              		.loc 1 149 0
  66 002c 0226     		movs	r6, #2
  67 002e 1196     		str	r6, [sp, #68]
 150:Src/main.c    ****   RCC_OscInitStruct.PLL.PLLSource = RCC_PLLSOURCE_HSE;
  68              		.loc 1 150 0
  69 0030 1293     		str	r3, [sp, #72]
 151:Src/main.c    ****   RCC_OscInitStruct.PLL.PLLMUL = RCC_PLL_MUL6;
  70              		.loc 1 151 0
  71 0032 4FF48013 		mov	r3, #1048576
  72 0036 1393     		str	r3, [sp, #76]
 152:Src/main.c    ****   if (HAL_RCC_OscConfig(&RCC_OscInitStruct) != HAL_OK)
  73              		.loc 1 152 0
  74 0038 0AA8     		add	r0, sp, #40
  75 003a FFF7FEFF 		bl	HAL_RCC_OscConfig
  76              	.LVL0:
 153:Src/main.c    ****   {
ARM GAS  /tmp/ccz0rby9.s 			page 5


 154:Src/main.c    ****     Error_Handler();
 155:Src/main.c    ****   }
 156:Src/main.c    ****   /** Initializes the CPU, AHB and APB busses clocks 
 157:Src/main.c    ****   */
 158:Src/main.c    ****   RCC_ClkInitStruct.ClockType = RCC_CLOCKTYPE_HCLK|RCC_CLOCKTYPE_SYSCLK
  77              		.loc 1 158 0
  78 003e 0F23     		movs	r3, #15
  79 0040 0593     		str	r3, [sp, #20]
 159:Src/main.c    ****                               |RCC_CLOCKTYPE_PCLK1|RCC_CLOCKTYPE_PCLK2;
 160:Src/main.c    ****   RCC_ClkInitStruct.SYSCLKSource = RCC_SYSCLKSOURCE_PLLCLK;
  80              		.loc 1 160 0
  81 0042 0696     		str	r6, [sp, #24]
 161:Src/main.c    ****   RCC_ClkInitStruct.AHBCLKDivider = RCC_SYSCLK_DIV1;
  82              		.loc 1 161 0
  83 0044 0794     		str	r4, [sp, #28]
 162:Src/main.c    ****   RCC_ClkInitStruct.APB1CLKDivider = RCC_HCLK_DIV2;
  84              		.loc 1 162 0
  85 0046 4FF48063 		mov	r3, #1024
  86 004a 0893     		str	r3, [sp, #32]
 163:Src/main.c    ****   RCC_ClkInitStruct.APB2CLKDivider = RCC_HCLK_DIV1;
  87              		.loc 1 163 0
  88 004c 0994     		str	r4, [sp, #36]
 164:Src/main.c    **** 
 165:Src/main.c    ****   if (HAL_RCC_ClockConfig(&RCC_ClkInitStruct, FLASH_LATENCY_1) != HAL_OK)
  89              		.loc 1 165 0
  90 004e 2946     		mov	r1, r5
  91 0050 05A8     		add	r0, sp, #20
  92 0052 FFF7FEFF 		bl	HAL_RCC_ClockConfig
  93              	.LVL1:
 166:Src/main.c    ****   {
 167:Src/main.c    ****     Error_Handler();
 168:Src/main.c    ****   }
 169:Src/main.c    ****   PeriphClkInit.PeriphClockSelection = RCC_PERIPHCLK_ADC|RCC_PERIPHCLK_USB;
  94              		.loc 1 169 0
  95 0056 1223     		movs	r3, #18
  96 0058 0193     		str	r3, [sp, #4]
 170:Src/main.c    ****   PeriphClkInit.AdcClockSelection = RCC_ADCPCLK2_DIV4;
  97              		.loc 1 170 0
  98 005a 4FF48043 		mov	r3, #16384
  99 005e 0393     		str	r3, [sp, #12]
 171:Src/main.c    ****   PeriphClkInit.UsbClockSelection = RCC_USBCLKSOURCE_PLL;
 100              		.loc 1 171 0
 101 0060 4FF48003 		mov	r3, #4194304
 102 0064 0493     		str	r3, [sp, #16]
 172:Src/main.c    ****   if (HAL_RCCEx_PeriphCLKConfig(&PeriphClkInit) != HAL_OK)
 103              		.loc 1 172 0
 104 0066 01A8     		add	r0, sp, #4
 105 0068 FFF7FEFF 		bl	HAL_RCCEx_PeriphCLKConfig
 106              	.LVL2:
 173:Src/main.c    ****   {
 174:Src/main.c    ****     Error_Handler();
 175:Src/main.c    ****   }
 176:Src/main.c    **** }
 107              		.loc 1 176 0
 108 006c 14B0     		add	sp, sp, #80
 109              	.LCFI2:
 110              		.cfi_def_cfa_offset 16
ARM GAS  /tmp/ccz0rby9.s 			page 6


 111              		@ sp needed
 112 006e 70BD     		pop	{r4, r5, r6, pc}
 113              		.cfi_endproc
 114              	.LFE70:
 116              		.section	.text.enumerateUSB,"ax",%progbits
 117              		.align	1
 118              		.global	enumerateUSB
 119              		.syntax unified
 120              		.thumb
 121              		.thumb_func
 122              		.fpu softvfp
 124              	enumerateUSB:
 125              	.LFB71:
 177:Src/main.c    **** 
 178:Src/main.c    **** /* USER CODE BEGIN 4 */
 179:Src/main.c    **** void enumerateUSB(void){
 126              		.loc 1 179 0
 127              		.cfi_startproc
 128              		@ args = 0, pretend = 0, frame = 16
 129              		@ frame_needed = 0, uses_anonymous_args = 0
 130 0000 70B5     		push	{r4, r5, r6, lr}
 131              	.LCFI3:
 132              		.cfi_def_cfa_offset 16
 133              		.cfi_offset 4, -16
 134              		.cfi_offset 5, -12
 135              		.cfi_offset 6, -8
 136              		.cfi_offset 14, -4
 137 0002 84B0     		sub	sp, sp, #16
 138              	.LCFI4:
 139              		.cfi_def_cfa_offset 32
 180:Src/main.c    ****   GPIO_InitTypeDef GPIO_InitStruct = {0};
 140              		.loc 1 180 0
 141 0004 0024     		movs	r4, #0
 142 0006 0294     		str	r4, [sp, #8]
 181:Src/main.c    **** 
 182:Src/main.c    ****   GPIO_InitStruct.Pin = USB_PU_Pin;
 143              		.loc 1 182 0
 144 0008 4FF40046 		mov	r6, #32768
 145 000c 0096     		str	r6, [sp]
 183:Src/main.c    ****   GPIO_InitStruct.Mode = GPIO_MODE_OUTPUT_PP;
 146              		.loc 1 183 0
 147 000e 0123     		movs	r3, #1
 148 0010 0193     		str	r3, [sp, #4]
 184:Src/main.c    ****   GPIO_InitStruct.Pull = GPIO_NOPULL;
 185:Src/main.c    ****   GPIO_InitStruct.Speed = GPIO_SPEED_FREQ_LOW;
 149              		.loc 1 185 0
 150 0012 0223     		movs	r3, #2
 151 0014 0393     		str	r3, [sp, #12]
 186:Src/main.c    ****   HAL_GPIO_Init(GPIOA, &GPIO_InitStruct);
 152              		.loc 1 186 0
 153 0016 0B4D     		ldr	r5, .L5
 154 0018 6946     		mov	r1, sp
 155 001a 2846     		mov	r0, r5
 156 001c FFF7FEFF 		bl	HAL_GPIO_Init
 157              	.LVL3:
 187:Src/main.c    ****   HAL_GPIO_WritePin(USB_PU_GPIO_Port, USB_PU_Pin, 0);
 158              		.loc 1 187 0
ARM GAS  /tmp/ccz0rby9.s 			page 7


 159 0020 2246     		mov	r2, r4
 160 0022 3146     		mov	r1, r6
 161 0024 2846     		mov	r0, r5
 162 0026 FFF7FEFF 		bl	HAL_GPIO_WritePin
 163              	.LVL4:
 188:Src/main.c    **** 
 189:Src/main.c    ****   HAL_Delay(500);
 164              		.loc 1 189 0
 165 002a 4FF4FA70 		mov	r0, #500
 166 002e FFF7FEFF 		bl	HAL_Delay
 167              	.LVL5:
 190:Src/main.c    **** 
 191:Src/main.c    ****   GPIO_InitStruct.Pin = USB_PU_Pin;
 168              		.loc 1 191 0
 169 0032 0096     		str	r6, [sp]
 192:Src/main.c    ****   GPIO_InitStruct.Mode = GPIO_MODE_INPUT;
 170              		.loc 1 192 0
 171 0034 0194     		str	r4, [sp, #4]
 193:Src/main.c    ****   GPIO_InitStruct.Pull = GPIO_NOPULL;
 172              		.loc 1 193 0
 173 0036 0294     		str	r4, [sp, #8]
 194:Src/main.c    ****   HAL_GPIO_Init(GPIOA, &GPIO_InitStruct);
 174              		.loc 1 194 0
 175 0038 6946     		mov	r1, sp
 176 003a 2846     		mov	r0, r5
 177 003c FFF7FEFF 		bl	HAL_GPIO_Init
 178              	.LVL6:
 195:Src/main.c    **** }
 179              		.loc 1 195 0
 180 0040 04B0     		add	sp, sp, #16
 181              	.LCFI5:
 182              		.cfi_def_cfa_offset 16
 183              		@ sp needed
 184 0042 70BD     		pop	{r4, r5, r6, pc}
 185              	.L6:
 186              		.align	2
 187              	.L5:
 188 0044 00080140 		.word	1073809408
 189              		.cfi_endproc
 190              	.LFE71:
 192              		.section	.text.main,"ax",%progbits
 193              		.align	1
 194              		.global	main
 195              		.syntax unified
 196              		.thumb
 197              		.thumb_func
 198              		.fpu softvfp
 200              	main:
 201              	.LFB69:
  81:Src/main.c    ****   /* USER CODE BEGIN 1 */
 202              		.loc 1 81 0
 203              		.cfi_startproc
 204              		@ Volatile: function does not return.
 205              		@ args = 0, pretend = 0, frame = 0
 206              		@ frame_needed = 0, uses_anonymous_args = 0
 207 0000 08B5     		push	{r3, lr}
 208              	.LCFI6:
ARM GAS  /tmp/ccz0rby9.s 			page 8


 209              		.cfi_def_cfa_offset 8
 210              		.cfi_offset 3, -8
 211              		.cfi_offset 14, -4
  90:Src/main.c    **** 
 212              		.loc 1 90 0
 213 0002 FFF7FEFF 		bl	HAL_Init
 214              	.LVL7:
  97:Src/main.c    **** 
 215              		.loc 1 97 0
 216 0006 FFF7FEFF 		bl	SystemClock_Config
 217              	.LVL8:
 104:Src/main.c    ****   MX_ADC1_Init();
 218              		.loc 1 104 0
 219 000a FFF7FEFF 		bl	MX_GPIO_Init
 220              	.LVL9:
 105:Src/main.c    ****   MX_USB_DEVICE_Init();
 221              		.loc 1 105 0
 222 000e FFF7FEFF 		bl	MX_ADC1_Init
 223              	.LVL10:
 106:Src/main.c    ****   MX_TIM1_Init();
 224              		.loc 1 106 0
 225 0012 FFF7FEFF 		bl	MX_USB_DEVICE_Init
 226              	.LVL11:
 107:Src/main.c    ****   /* USER CODE BEGIN 2 */
 227              		.loc 1 107 0
 228 0016 FFF7FEFF 		bl	MX_TIM1_Init
 229              	.LVL12:
 109:Src/main.c    ****   enumerateUSB(); // Force USB enumeration
 230              		.loc 1 109 0
 231 001a FFF7FEFF 		bl	DWT_Delay_Init
 232              	.LVL13:
 110:Src/main.c    ****   txChainInit(&max2871Status, &txStatus);
 233              		.loc 1 110 0
 234 001e FFF7FEFF 		bl	enumerateUSB
 235              	.LVL14:
 111:Src/main.c    ****   HAL_ADC_Start(&hadc1);
 236              		.loc 1 111 0
 237 0022 0B49     		ldr	r1, .L11
 238 0024 0B48     		ldr	r0, .L11+4
 239 0026 FFF7FEFF 		bl	txChainInit
 240              	.LVL15:
 112:Src/main.c    ****   HAL_GPIO_WritePin(LED_CLK_GPIO_Port, LED_CLK_Pin, 0); //  LED Control
 241              		.loc 1 112 0
 242 002a 0B48     		ldr	r0, .L11+8
 243 002c FFF7FEFF 		bl	HAL_ADC_Start
 244              	.LVL16:
 113:Src/main.c    **** 
 245              		.loc 1 113 0
 246 0030 0022     		movs	r2, #0
 247 0032 4FF40061 		mov	r1, #2048
 248 0036 0948     		ldr	r0, .L11+12
 249 0038 FFF7FEFF 		bl	HAL_GPIO_WritePin
 250              	.LVL17:
 251              	.L8:
 122:Src/main.c    **** 	  {
 252              		.loc 1 122 0
 253 003c 084B     		ldr	r3, .L11+16
ARM GAS  /tmp/ccz0rby9.s 			page 9


 254 003e 93F88830 		ldrb	r3, [r3, #136]	@ zero_extendqisi2
 255 0042 012B     		cmp	r3, #1
 256 0044 FAD1     		bne	.L8
 124:Src/main.c    **** 	  }
 257              		.loc 1 124 0
 258 0046 0249     		ldr	r1, .L11
 259 0048 0248     		ldr	r0, .L11+4
 260 004a FFF7FEFF 		bl	commandParser
 261              	.LVL18:
 262 004e F5E7     		b	.L8
 263              	.L12:
 264              		.align	2
 265              	.L11:
 266 0050 00000000 		.word	txStatus
 267 0054 00000000 		.word	max2871Status
 268 0058 00000000 		.word	hadc1
 269 005c 000C0140 		.word	1073810432
 270 0060 00000000 		.word	.LANCHOR0
 271              		.cfi_endproc
 272              	.LFE69:
 274              		.section	.text.Error_Handler,"ax",%progbits
 275              		.align	1
 276              		.global	Error_Handler
 277              		.syntax unified
 278              		.thumb
 279              		.thumb_func
 280              		.fpu softvfp
 282              	Error_Handler:
 283              	.LFB72:
 196:Src/main.c    **** /* USER CODE END 4 */
 197:Src/main.c    **** 
 198:Src/main.c    **** /**
 199:Src/main.c    ****   * @brief  This function is executed in case of error occurrence.
 200:Src/main.c    ****   * @retval None
 201:Src/main.c    ****   */
 202:Src/main.c    **** void Error_Handler(void)
 203:Src/main.c    **** {
 284              		.loc 1 203 0
 285              		.cfi_startproc
 286              		@ args = 0, pretend = 0, frame = 0
 287              		@ frame_needed = 0, uses_anonymous_args = 0
 288              		@ link register save eliminated.
 204:Src/main.c    ****   /* USER CODE BEGIN Error_Handler_Debug */
 205:Src/main.c    ****   /* User can add his own implementation to report the HAL error return state */
 206:Src/main.c    **** 
 207:Src/main.c    ****   /* USER CODE END Error_Handler_Debug */
 208:Src/main.c    **** }
 289              		.loc 1 208 0
 290 0000 7047     		bx	lr
 291              		.cfi_endproc
 292              	.LFE72:
 294              		.global	RX_FIFO
 295              		.section	.bss.RX_FIFO,"aw",%nobits
 296              		.align	2
 297              		.set	.LANCHOR0,. + 0
 300              	RX_FIFO:
 301 0000 00000000 		.space	268
ARM GAS  /tmp/ccz0rby9.s 			page 10


 301      00000000 
 301      00000000 
 301      00000000 
 301      00000000 
 302              		.text
 303              	.Letext0:
 304              		.file 2 "/usr/include/newlib/machine/_default_types.h"
 305              		.file 3 "/usr/include/newlib/sys/_stdint.h"
 306              		.file 4 "Drivers/CMSIS/Include/core_cm3.h"
 307              		.file 5 "Drivers/CMSIS/Device/ST/STM32F1xx/Include/system_stm32f1xx.h"
 308              		.file 6 "Drivers/CMSIS/Device/ST/STM32F1xx/Include/stm32f103xb.h"
 309              		.file 7 "Drivers/CMSIS/Device/ST/STM32F1xx/Include/stm32f1xx.h"
 310              		.file 8 "Drivers/STM32F1xx_HAL_Driver/Inc/stm32f1xx_hal_def.h"
 311              		.file 9 "Drivers/STM32F1xx_HAL_Driver/Inc/stm32f1xx_hal_rcc.h"
 312              		.file 10 "Drivers/STM32F1xx_HAL_Driver/Inc/stm32f1xx_hal_rcc_ex.h"
 313              		.file 11 "Drivers/STM32F1xx_HAL_Driver/Inc/stm32f1xx_hal_gpio.h"
 314              		.file 12 "Drivers/STM32F1xx_HAL_Driver/Inc/stm32f1xx_hal_dma.h"
 315              		.file 13 "Drivers/STM32F1xx_HAL_Driver/Inc/stm32f1xx_hal_adc.h"
 316              		.file 14 "Drivers/STM32F1xx_HAL_Driver/Inc/stm32f1xx_hal_tim.h"
 317              		.file 15 "Drivers/STM32F1xx_HAL_Driver/Inc/stm32f1xx_hal.h"
 318              		.file 16 "Inc/main.h"
 319              		.file 17 "Inc/adc.h"
 320              		.file 18 "Inc/tim.h"
 321              		.file 19 "/usr/include/newlib/sys/lock.h"
 322              		.file 20 "/usr/include/newlib/sys/_types.h"
 323              		.file 21 "/usr/lib/gcc/arm-none-eabi/7.3.1/include/stddef.h"
 324              		.file 22 "/usr/include/newlib/sys/reent.h"
 325              		.file 23 "/usr/include/newlib/stdlib.h"
 326              		.file 24 "Middlewares/ST/STM32_USB_Device_Library/Core/Inc/usbd_def.h"
 327              		.file 25 "Middlewares/ST/STM32_USB_Device_Library/Class/CDC/Inc/usbd_cdc.h"
 328              		.file 26 "Inc/usbd_cdc_if.h"
 329              		.file 27 "Inc/max2871.h"
 330              		.file 28 "Inc/commandParser.h"
 331              		.file 29 "Inc/txChain.h"
 332              		.file 30 "Inc/gpio.h"
 333              		.file 31 "Inc/usb_device.h"
 334              		.file 32 "Inc/dwt_stm32_delay.h"
ARM GAS  /tmp/ccz0rby9.s 			page 11


DEFINED SYMBOLS
                            *ABS*:0000000000000000 main.c
     /tmp/ccz0rby9.s:16     .text.SystemClock_Config:0000000000000000 $t
     /tmp/ccz0rby9.s:23     .text.SystemClock_Config:0000000000000000 SystemClock_Config
     /tmp/ccz0rby9.s:117    .text.enumerateUSB:0000000000000000 $t
     /tmp/ccz0rby9.s:124    .text.enumerateUSB:0000000000000000 enumerateUSB
     /tmp/ccz0rby9.s:188    .text.enumerateUSB:0000000000000044 $d
     /tmp/ccz0rby9.s:193    .text.main:0000000000000000 $t
     /tmp/ccz0rby9.s:200    .text.main:0000000000000000 main
     /tmp/ccz0rby9.s:266    .text.main:0000000000000050 $d
     /tmp/ccz0rby9.s:275    .text.Error_Handler:0000000000000000 $t
     /tmp/ccz0rby9.s:282    .text.Error_Handler:0000000000000000 Error_Handler
     /tmp/ccz0rby9.s:300    .bss.RX_FIFO:0000000000000000 RX_FIFO
     /tmp/ccz0rby9.s:296    .bss.RX_FIFO:0000000000000000 $d

UNDEFINED SYMBOLS
HAL_RCC_OscConfig
HAL_RCC_ClockConfig
HAL_RCCEx_PeriphCLKConfig
HAL_GPIO_Init
HAL_GPIO_WritePin
HAL_Delay
HAL_Init
MX_GPIO_Init
MX_ADC1_Init
MX_USB_DEVICE_Init
MX_TIM1_Init
DWT_Delay_Init
txChainInit
HAL_ADC_Start
commandParser
txStatus
max2871Status
hadc1
