ARM GAS  /tmp/ccIBSTYm.s 			page 1


   1              		.cpu cortex-m3
   2              		.eabi_attribute 20, 1
   3              		.eabi_attribute 21, 1
   4              		.eabi_attribute 23, 3
   5              		.eabi_attribute 24, 1
   6              		.eabi_attribute 25, 1
   7              		.eabi_attribute 26, 1
   8              		.eabi_attribute 30, 1
   9              		.eabi_attribute 34, 1
  10              		.eabi_attribute 18, 4
  11              		.file	"sys.c"
  12              		.text
  13              	.Ltext0:
  14              		.cfi_sections	.debug_frame
  15              		.section	.text.MX_SYS_Init,"ax",%progbits
  16              		.align	1
  17              		.global	MX_SYS_Init
  18              		.syntax unified
  19              		.thumb
  20              		.thumb_func
  21              		.fpu softvfp
  23              	MX_SYS_Init:
  24              	.LFB65:
  25              		.file 1 "Src/sys.c"
   1:Src/sys.c     **** /**
   2:Src/sys.c     ****   ******************************************************************************
   3:Src/sys.c     ****   * File Name          : SYS.c
   4:Src/sys.c     ****   * Description        : This file provides code for the configuration
   5:Src/sys.c     ****   *                      of the SYS instances.
   6:Src/sys.c     ****   ******************************************************************************
   7:Src/sys.c     ****   * @attention
   8:Src/sys.c     ****   *
   9:Src/sys.c     ****   * <h2><center>&copy; Copyright (c) 2020 STMicroelectronics.
  10:Src/sys.c     ****   * All rights reserved.</center></h2>
  11:Src/sys.c     ****   *
  12:Src/sys.c     ****   * This software component is licensed by ST under Ultimate Liberty license
  13:Src/sys.c     ****   * SLA0044, the "License"; You may not use this file except in compliance with
  14:Src/sys.c     ****   * the License. You may obtain a copy of the License at:
  15:Src/sys.c     ****   *                             www.st.com/SLA0044
  16:Src/sys.c     ****   *
  17:Src/sys.c     ****   ******************************************************************************
  18:Src/sys.c     ****   */
  19:Src/sys.c     **** 
  20:Src/sys.c     **** /* Includes ------------------------------------------------------------------*/
  21:Src/sys.c     **** #include "sys.h"
  22:Src/sys.c     **** 
  23:Src/sys.c     **** /* USER CODE BEGIN 0 */
  24:Src/sys.c     **** 
  25:Src/sys.c     **** /* USER CODE END 0 */
  26:Src/sys.c     **** 
  27:Src/sys.c     **** /* SYS init function */
  28:Src/sys.c     **** void MX_SYS_Init(void)
  29:Src/sys.c     **** {
  26              		.loc 1 29 0
  27              		.cfi_startproc
  28              		@ args = 0, pretend = 0, frame = 0
  29              		@ frame_needed = 0, uses_anonymous_args = 0
ARM GAS  /tmp/ccIBSTYm.s 			page 2


  30              		@ link register save eliminated.
  31              	.LBB2:
  30:Src/sys.c     **** 
  31:Src/sys.c     ****   /** NOJTAG: JTAG-DP Disabled and SW-DP Enabled 
  32:Src/sys.c     ****   */
  33:Src/sys.c     ****   __HAL_AFIO_REMAP_SWJ_NOJTAG();
  32              		.loc 1 33 0
  33 0000 034A     		ldr	r2, .L2
  34 0002 5368     		ldr	r3, [r2, #4]
  35              	.LVL0:
  36 0004 23F0E063 		bic	r3, r3, #117440512
  37              	.LVL1:
  38 0008 43F00073 		orr	r3, r3, #33554432
  39              	.LVL2:
  40 000c 5360     		str	r3, [r2, #4]
  41              	.LBE2:
  34:Src/sys.c     **** 
  35:Src/sys.c     **** }
  42              		.loc 1 35 0
  43 000e 7047     		bx	lr
  44              	.L3:
  45              		.align	2
  46              	.L2:
  47 0010 00000140 		.word	1073807360
  48              		.cfi_endproc
  49              	.LFE65:
  51              		.text
  52              	.Letext0:
  53              		.file 2 "/usr/include/newlib/machine/_default_types.h"
  54              		.file 3 "/usr/include/newlib/sys/_stdint.h"
  55              		.file 4 "Drivers/CMSIS/Include/core_cm3.h"
  56              		.file 5 "Drivers/CMSIS/Device/ST/STM32F1xx/Include/system_stm32f1xx.h"
  57              		.file 6 "Drivers/CMSIS/Device/ST/STM32F1xx/Include/stm32f103xb.h"
  58              		.file 7 "Drivers/STM32F1xx_HAL_Driver/Inc/stm32f1xx_hal.h"
  59              		.file 8 "Inc/main.h"
ARM GAS  /tmp/ccIBSTYm.s 			page 3


DEFINED SYMBOLS
                            *ABS*:0000000000000000 sys.c
     /tmp/ccIBSTYm.s:16     .text.MX_SYS_Init:0000000000000000 $t
     /tmp/ccIBSTYm.s:23     .text.MX_SYS_Init:0000000000000000 MX_SYS_Init
     /tmp/ccIBSTYm.s:47     .text.MX_SYS_Init:0000000000000010 $d

NO UNDEFINED SYMBOLS
